f:\current work\cl_improve\cl_improve\debug\vc120.pdb
f:\current work\cl_improve\cl_improve\debug\vc120.idb
f:\current work\cl_improve\cl_improve\debug\cof_tools.obj
f:\current work\cl_improve\cl_improve\debug\control_flag.obj
f:\current work\cl_improve\cl_improve\debug\datalog.obj
f:\current work\cl_improve\cl_improve\debug\funv.obj
f:\current work\cl_improve\cl_improve\debug\python_lib.obj
f:\current work\cl_improve\cl_improve\debug\testblockcontrolgroup.obj
f:\current work\cl_improve\cl_improve\debug\test_block.obj
f:\current work\cl_improve\cl_improve\debug\thread_tools.obj
f:\current work\cl_improve\cl_improve\debug\treasure_save.obj
f:\current work\cl_improve\cl_improve\debug\user_variable.obj
c:\users\johnny\mygit\cl_improvement\cl_improve\cl_improve\debug\vc120.pdb
c:\users\johnny\mygit\cl_improvement\cl_improve\cl_improve\debug\vc120.idb
c:\users\johnny\mygit\cl_improvement\cl_improve\cl_improve\debug\cof_tools.obj
c:\users\johnny\mygit\cl_improvement\cl_improve\cl_improve\debug\control_flag.obj
c:\users\johnny\mygit\cl_improvement\cl_improve\cl_improve\debug\python_lib.obj
c:\users\johnny\mygit\cl_improvement\cl_improve\cl_improve\debug\testblockcontrolgroup.obj
c:\users\johnny\mygit\cl_improvement\cl_improve\cl_improve\debug\test_block.obj
c:\users\johnny\mygit\cl_improvement\cl_improve\cl_improve\debug\thread_tools.obj
c:\users\johnny\mygit\cl_improvement\cl_improve\cl_improve\debug\treasure_save.obj
c:\users\johnny\mygit\cl_improvement\cl_improve\cl_improve\debug\user_variable.obj
c:\users\johnny\mygit\cl_improvement\cl_improve\cl_improve\debug\datalog.obj
c:\users\johnny\mygit\cl_improvement\cl_improve\cl_improve\debug\funv.obj
f:\current work\cl_improve\debug\cl_improve.lib
f:\current work\cl_improve\debug\cl_improve.exp
c:\users\johnny\mygit\cl_improvement\cl_improve\debug\cl_improve.lib
c:\users\johnny\mygit\cl_improvement\cl_improve\debug\cl_improve.exp
f:\current work\cl_improve\debug\cl_improve.ilk
f:\current work\cl_improve\debug\cl_improve.dll
f:\current work\cl_improve\debug\cl_improve.pdb
c:\users\johnny\mygit\cl_improvement\cl_improve\debug\cl_improve.ilk
c:\users\johnny\mygit\cl_improvement\cl_improve\debug\cl_improve.dll
c:\users\johnny\mygit\cl_improvement\cl_improve\debug\cl_improve.pdb
c:\users\johnny\mygit\cl_improvement\cl_improve\cl_improve\debug\cl_improve.tlog\cl.command.1.tlog
c:\users\johnny\mygit\cl_improvement\cl_improve\cl_improve\debug\cl_improve.tlog\cl.read.1.tlog
c:\users\johnny\mygit\cl_improvement\cl_improve\cl_improve\debug\cl_improve.tlog\cl.write.1.tlog
c:\users\johnny\mygit\cl_improvement\cl_improve\cl_improve\debug\cl_improve.tlog\cl_improve.write.1u.tlog
c:\users\johnny\mygit\cl_improvement\cl_improve\cl_improve\debug\cl_improve.tlog\link.command.1.tlog
c:\users\johnny\mygit\cl_improvement\cl_improve\cl_improve\debug\cl_improve.tlog\link.read.1.tlog
c:\users\johnny\mygit\cl_improvement\cl_improve\cl_improve\debug\cl_improve.tlog\link.write.1.tlog
